[error] Failed to fetch Firebase Project from Studio Workspace because WORKSPACE_SLUG environment variable is empty
[error] Failed to fetch Firebase Project from Studio Workspace because WORKSPACE_SLUG environment variable is empty
[debug] [2026-02-12T03:07:24.108Z] > command requires scopes: ["email","openid","https://www.googleapis.com/auth/cloudplatformprojects.readonly","https://www.googleapis.com/auth/firebase","https://www.googleapis.com/auth/cloud-platform","https://www.googleapis.com/auth/userinfo.email"]
[debug] [2026-02-12T03:07:24.110Z] > authorizing via signed-in user (cellclinicfamily@gmail.com)
[debug] [2026-02-12T03:07:24.112Z] Checked if tokens are valid: true, expires at: 1770868258741
[debug] [2026-02-12T03:07:24.112Z] Checked if tokens are valid: true, expires at: 1770868258741
[debug] [2026-02-12T03:07:24.114Z] >>> [apiv2][query] GET https://cloudbilling.googleapis.com/v1/projects/studio-6929130257-b96ff/billingInfo [none]
[debug] [2026-02-12T03:07:24.435Z] <<< [apiv2][status] GET https://cloudbilling.googleapis.com/v1/projects/studio-6929130257-b96ff/billingInfo 200
[debug] [2026-02-12T03:07:24.438Z] <<< [apiv2][body] GET https://cloudbilling.googleapis.com/v1/projects/studio-6929130257-b96ff/billingInfo {"name":"projects/studio-6929130257-b96ff/billingInfo","projectId":"studio-6929130257-b96ff","billingAccountName":"billingAccounts/01B98C-EDE987-23B913","billingEnabled":true}
[debug] [2026-02-12T03:07:24.474Z] Checked if tokens are valid: true, expires at: 1770868258741
[debug] [2026-02-12T03:07:24.474Z] Checked if tokens are valid: true, expires at: 1770868258741
[debug] [2026-02-12T03:07:24.475Z] >>> [apiv2][query] GET https://serviceusage.googleapis.com/v1/projects/studio-6929130257-b96ff/services/firebaseio.com [none]
[debug] [2026-02-12T03:07:24.475Z] >>> [apiv2][(partial)header] GET https://serviceusage.googleapis.com/v1/projects/studio-6929130257-b96ff/services/firebaseio.com  x-goog-user-project=studio-6929130257-b96ff
[debug] [2026-02-12T03:07:25.654Z] <<< [apiv2][status] GET https://serviceusage.googleapis.com/v1/projects/studio-6929130257-b96ff/services/firebaseio.com 403
[debug] [2026-02-12T03:07:25.657Z] <<< [apiv2][body] GET https://serviceusage.googleapis.com/v1/projects/studio-6929130257-b96ff/services/firebaseio.com [omitted]
[error] Failed to fetch Firebase Project from Studio Workspace because WORKSPACE_SLUG environment variable is empty
[error] Failed to fetch Firebase Project from Studio Workspace because WORKSPACE_SLUG environment variable is empty
[error] Failed to fetch Firebase Project from Studio Workspace because WORKSPACE_SLUG environment variable is empty
[debug] [2026-02-12T03:07:25.682Z] > command requires scopes: ["email","openid","https://www.googleapis.com/auth/cloudplatformprojects.readonly","https://www.googleapis.com/auth/firebase","https://www.googleapis.com/auth/cloud-platform","https://www.googleapis.com/auth/userinfo.email"]
[debug] [2026-02-12T03:07:25.683Z] > authorizing via signed-in user (cellclinicfamily@gmail.com)
[debug] [2026-02-12T03:07:25.683Z] Checked if tokens are valid: true, expires at: 1770868258741
[debug] [2026-02-12T03:07:25.683Z] Checked if tokens are valid: true, expires at: 1770868258741
[debug] [2026-02-12T03:07:25.683Z] >>> [apiv2][query] GET https://cloudbilling.googleapis.com/v1/projects/studio-6929130257-b96ff/billingInfo [none]
[debug] [2026-02-12T03:07:25.897Z] <<< [apiv2][status] GET https://cloudbilling.googleapis.com/v1/projects/studio-6929130257-b96ff/billingInfo 200
[debug] [2026-02-12T03:07:25.897Z] <<< [apiv2][body] GET https://cloudbilling.googleapis.com/v1/projects/studio-6929130257-b96ff/billingInfo {"name":"projects/studio-6929130257-b96ff/billingInfo","projectId":"studio-6929130257-b96ff","billingAccountName":"billingAccounts/01B98C-EDE987-23B913","billingEnabled":true}
[error] Failed to fetch Firebase Project from Studio Workspace because WORKSPACE_SLUG environment variable is empty
[debug] [2026-02-12T03:07:25.904Z] > command requires scopes: ["email","openid","https://www.googleapis.com/auth/cloudplatformprojects.readonly","https://www.googleapis.com/auth/firebase","https://www.googleapis.com/auth/cloud-platform","https://www.googleapis.com/auth/userinfo.email"]
[debug] [2026-02-12T03:07:25.910Z] > authorizing via signed-in user (cellclinicfamily@gmail.com)
[error] Failed to fetch Firebase Project from Studio Workspace because WORKSPACE_SLUG environment variable is empty
[error] Failed to fetch Firebase Project from Studio Workspace because WORKSPACE_SLUG environment variable is empty
[debug] [2026-02-12T05:22:50.239Z] > command requires scopes: ["email","openid","https://www.googleapis.com/auth/cloudplatformprojects.readonly","https://www.googleapis.com/auth/firebase","https://www.googleapis.com/auth/cloud-platform","https://www.googleapis.com/auth/userinfo.email"]
[debug] [2026-02-12T05:22:50.240Z] > authorizing via signed-in user (cellclinicfamily@gmail.com)
[debug] [2026-02-12T05:22:50.242Z] Checked if tokens are valid: false, expires at: 1770868258741
[debug] [2026-02-12T05:22:50.242Z] Checked if tokens are valid: false, expires at: 1770868258741
[debug] [2026-02-12T05:22:50.243Z] > refreshing access token with scopes: []
[debug] [2026-02-12T05:22:50.247Z] >>> [apiv2][query] POST https://www.googleapis.com/oauth2/v3/token [none]
[debug] [2026-02-12T05:22:50.248Z] >>> [apiv2][body] POST https://www.googleapis.com/oauth2/v3/token [omitted]
[debug] [2026-02-12T05:22:50.321Z] <<< [apiv2][status] POST https://www.googleapis.com/oauth2/v3/token 200
[debug] [2026-02-12T05:22:50.322Z] <<< [apiv2][body] POST https://www.googleapis.com/oauth2/v3/token [omitted]
[debug] [2026-02-12T05:22:50.397Z] >>> [apiv2][query] GET https://cloudbilling.googleapis.com/v1/projects/studio-6929130257-b96ff/billingInfo [none]
[debug] [2026-02-12T05:22:50.679Z] <<< [apiv2][status] GET https://cloudbilling.googleapis.com/v1/projects/studio-6929130257-b96ff/billingInfo 200
[debug] [2026-02-12T05:22:50.682Z] <<< [apiv2][body] GET https://cloudbilling.googleapis.com/v1/projects/studio-6929130257-b96ff/billingInfo {"name":"projects/studio-6929130257-b96ff/billingInfo","projectId":"studio-6929130257-b96ff","billingAccountName":"billingAccounts/01B98C-EDE987-23B913","billingEnabled":true}
[debug] [2026-02-12T05:22:50.763Z] Checked if tokens are valid: true, expires at: 1770877369322
[debug] [2026-02-12T05:22:50.763Z] Checked if tokens are valid: true, expires at: 1770877369322
[debug] [2026-02-12T05:22:50.764Z] >>> [apiv2][query] GET https://serviceusage.googleapis.com/v1/projects/studio-6929130257-b96ff/services/firebaseio.com [none]
[debug] [2026-02-12T05:22:50.764Z] >>> [apiv2][(partial)header] GET https://serviceusage.googleapis.com/v1/projects/studio-6929130257-b96ff/services/firebaseio.com  x-goog-user-project=studio-6929130257-b96ff
[debug] [2026-02-12T05:22:52.016Z] <<< [apiv2][status] GET https://serviceusage.googleapis.com/v1/projects/studio-6929130257-b96ff/services/firebaseio.com 403
[debug] [2026-02-12T05:22:52.016Z] <<< [apiv2][body] GET https://serviceusage.googleapis.com/v1/projects/studio-6929130257-b96ff/services/firebaseio.com [omitted]
[error] Failed to fetch Firebase Project from Studio Workspace because WORKSPACE_SLUG environment variable is empty
[error] Failed to fetch Firebase Project from Studio Workspace because WORKSPACE_SLUG environment variable is empty
[error] Failed to fetch Firebase Project from Studio Workspace because WORKSPACE_SLUG environment variable is empty
[debug] [2026-02-12T05:22:52.042Z] > command requires scopes: ["email","openid","https://www.googleapis.com/auth/cloudplatformprojects.readonly","https://www.googleapis.com/auth/firebase","https://www.googleapis.com/auth/cloud-platform","https://www.googleapis.com/auth/userinfo.email"]
[debug] [2026-02-12T05:22:52.042Z] > authorizing via signed-in user (cellclinicfamily@gmail.com)
[debug] [2026-02-12T05:22:52.051Z] Checked if tokens are valid: true, expires at: 1770877369322
[debug] [2026-02-12T05:22:52.051Z] Checked if tokens are valid: true, expires at: 1770877369322
[debug] [2026-02-12T05:22:52.051Z] >>> [apiv2][query] GET https://cloudbilling.googleapis.com/v1/projects/studio-6929130257-b96ff/billingInfo [none]
[debug] [2026-02-12T05:22:53.117Z] <<< [apiv2][status] GET https://cloudbilling.googleapis.com/v1/projects/studio-6929130257-b96ff/billingInfo 200
[debug] [2026-02-12T05:22:53.118Z] <<< [apiv2][body] GET https://cloudbilling.googleapis.com/v1/projects/studio-6929130257-b96ff/billingInfo {"name":"projects/studio-6929130257-b96ff/billingInfo","projectId":"studio-6929130257-b96ff","billingAccountName":"billingAccounts/01B98C-EDE987-23B913","billingEnabled":true}
[error] Failed to fetch Firebase Project from Studio Workspace because WORKSPACE_SLUG environment variable is empty
[debug] [2026-02-12T05:22:53.130Z] > command requires scopes: ["email","openid","https://www.googleapis.com/auth/cloudplatformprojects.readonly","https://www.googleapis.com/auth/firebase","https://www.googleapis.com/auth/cloud-platform","https://www.googleapis.com/auth/userinfo.email"]
[debug] [2026-02-12T05:22:53.130Z] > authorizing via signed-in user (cellclinicfamily@gmail.com)
[error] Failed to fetch Firebase Project from Studio Workspace because WORKSPACE_SLUG environment variable is empty
[error] Failed to fetch Firebase Project from Studio Workspace because WORKSPACE_SLUG environment variable is empty
[debug] [2026-02-12T05:25:52.806Z] > command requires scopes: ["email","openid","https://www.googleapis.com/auth/cloudplatformprojects.readonly","https://www.googleapis.com/auth/firebase","https://www.googleapis.com/auth/cloud-platform","https://www.googleapis.com/auth/userinfo.email"]
[debug] [2026-02-12T05:25:52.807Z] > authorizing via signed-in user (cellclinicfamily@gmail.com)
[debug] [2026-02-12T05:25:52.809Z] Checked if tokens are valid: true, expires at: 1770877369322
[debug] [2026-02-12T05:25:52.810Z] Checked if tokens are valid: true, expires at: 1770877369322
[debug] [2026-02-12T05:25:52.812Z] >>> [apiv2][query] GET https://cloudbilling.googleapis.com/v1/projects/studio-6929130257-b96ff/billingInfo [none]
[debug] [2026-02-12T05:25:53.896Z] <<< [apiv2][status] GET https://cloudbilling.googleapis.com/v1/projects/studio-6929130257-b96ff/billingInfo 200
[debug] [2026-02-12T05:25:53.897Z] <<< [apiv2][body] GET https://cloudbilling.googleapis.com/v1/projects/studio-6929130257-b96ff/billingInfo {"name":"projects/studio-6929130257-b96ff/billingInfo","projectId":"studio-6929130257-b96ff","billingAccountName":"billingAccounts/01B98C-EDE987-23B913","billingEnabled":true}
[debug] [2026-02-12T05:25:53.958Z] Checked if tokens are valid: true, expires at: 1770877369322
[debug] [2026-02-12T05:25:53.959Z] Checked if tokens are valid: true, expires at: 1770877369322
[debug] [2026-02-12T05:25:53.959Z] >>> [apiv2][query] GET https://serviceusage.googleapis.com/v1/projects/studio-6929130257-b96ff/services/firebaseio.com [none]
[debug] [2026-02-12T05:25:53.960Z] >>> [apiv2][(partial)header] GET https://serviceusage.googleapis.com/v1/projects/studio-6929130257-b96ff/services/firebaseio.com  x-goog-user-project=studio-6929130257-b96ff
[debug] [2026-02-12T05:25:55.296Z] <<< [apiv2][status] GET https://serviceusage.googleapis.com/v1/projects/studio-6929130257-b96ff/services/firebaseio.com 403
[debug] [2026-02-12T05:25:55.296Z] <<< [apiv2][body] GET https://serviceusage.googleapis.com/v1/projects/studio-6929130257-b96ff/services/firebaseio.com [omitted]
[error] Failed to fetch Firebase Project from Studio Workspace because WORKSPACE_SLUG environment variable is empty
[error] Failed to fetch Firebase Project from Studio Workspace because WORKSPACE_SLUG environment variable is empty
[error] Failed to fetch Firebase Project from Studio Workspace because WORKSPACE_SLUG environment variable is empty
[debug] [2026-02-12T05:25:55.321Z] > command requires scopes: ["email","openid","https://www.googleapis.com/auth/cloudplatformprojects.readonly","https://www.googleapis.com/auth/firebase","https://www.googleapis.com/auth/cloud-platform","https://www.googleapis.com/auth/userinfo.email"]
[debug] [2026-02-12T05:25:55.322Z] > authorizing via signed-in user (cellclinicfamily@gmail.com)
[debug] [2026-02-12T05:25:55.325Z] Checked if tokens are valid: true, expires at: 1770877369322
[debug] [2026-02-12T05:25:55.325Z] Checked if tokens are valid: true, expires at: 1770877369322
[debug] [2026-02-12T05:25:55.326Z] >>> [apiv2][query] GET https://cloudbilling.googleapis.com/v1/projects/studio-6929130257-b96ff/billingInfo [none]
[debug] [2026-02-12T05:25:56.376Z] <<< [apiv2][status] GET https://cloudbilling.googleapis.com/v1/projects/studio-6929130257-b96ff/billingInfo 200
[debug] [2026-02-12T05:25:56.377Z] <<< [apiv2][body] GET https://cloudbilling.googleapis.com/v1/projects/studio-6929130257-b96ff/billingInfo {"name":"projects/studio-6929130257-b96ff/billingInfo","projectId":"studio-6929130257-b96ff","billingAccountName":"billingAccounts/01B98C-EDE987-23B913","billingEnabled":true}
[error] Failed to fetch Firebase Project from Studio Workspace because WORKSPACE_SLUG environment variable is empty
[debug] [2026-02-12T05:25:56.380Z] > command requires scopes: ["email","openid","https://www.googleapis.com/auth/cloudplatformprojects.readonly","https://www.googleapis.com/auth/firebase","https://www.googleapis.com/auth/cloud-platform","https://www.googleapis.com/auth/userinfo.email"]
[debug] [2026-02-12T05:25:56.380Z] > authorizing via signed-in user (cellclinicfamily@gmail.com)
[error] Failed to fetch Firebase Project from Studio Workspace because WORKSPACE_SLUG environment variable is empty
[error] Failed to fetch Firebase Project from Studio Workspace because WORKSPACE_SLUG environment variable is empty
[error] Failed to fetch Firebase Project from Studio Workspace because WORKSPACE_SLUG environment variable is empty
[error] Failed to fetch Firebase Project from Studio Workspace because WORKSPACE_SLUG environment variable is empty
[debug] [2026-02-12T05:25:56.417Z] > command requires scopes: ["email","openid","https://www.googleapis.com/auth/cloudplatformprojects.readonly","https://www.googleapis.com/auth/firebase","https://www.googleapis.com/auth/cloud-platform","https://www.googleapis.com/auth/userinfo.email"]
[debug] [2026-02-12T05:25:56.418Z] > authorizing via signed-in user (cellclinicfamily@gmail.com)
[debug] [2026-02-12T05:25:56.418Z] Checked if tokens are valid: true, expires at: 1770877369322
[debug] [2026-02-12T05:25:56.418Z] Checked if tokens are valid: true, expires at: 1770877369322
[debug] [2026-02-12T05:25:56.419Z] >>> [apiv2][query] GET https://cloudbilling.googleapis.com/v1/projects/studio-6929130257-b96ff/billingInfo [none]
[error] Failed to fetch Firebase Project from Studio Workspace because WORKSPACE_SLUG environment variable is empty
[error] Failed to fetch Firebase Project from Studio Workspace because WORKSPACE_SLUG environment variable is empty
[debug] [2026-02-12T05:25:56.450Z] > command requires scopes: ["email","openid","https://www.googleapis.com/auth/cloudplatformprojects.readonly","https://www.googleapis.com/auth/firebase","https://www.googleapis.com/auth/cloud-platform","https://www.googleapis.com/auth/userinfo.email"]
[debug] [2026-02-12T05:25:56.453Z] > authorizing via signed-in user (cellclinicfamily@gmail.com)
[debug] [2026-02-12T05:25:56.453Z] Checked if tokens are valid: true, expires at: 1770877369322
[debug] [2026-02-12T05:25:56.453Z] Checked if tokens are valid: true, expires at: 1770877369322
[debug] [2026-02-12T05:25:56.454Z] >>> [apiv2][query] GET https://cloudbilling.googleapis.com/v1/projects/studio-6929130257-b96ff/billingInfo [none]
[debug] [2026-02-12T05:25:56.639Z] <<< [apiv2][status] GET https://cloudbilling.googleapis.com/v1/projects/studio-6929130257-b96ff/billingInfo 200
[debug] [2026-02-12T05:25:56.640Z] <<< [apiv2][body] GET https://cloudbilling.googleapis.com/v1/projects/studio-6929130257-b96ff/billingInfo {"name":"projects/studio-6929130257-b96ff/billingInfo","projectId":"studio-6929130257-b96ff","billingAccountName":"billingAccounts/01B98C-EDE987-23B913","billingEnabled":true}
[error] Failed to fetch Firebase Project from Studio Workspace because WORKSPACE_SLUG environment variable is empty
[debug] [2026-02-12T05:25:56.662Z] > command requires scopes: ["email","openid","https://www.googleapis.com/auth/cloudplatformprojects.readonly","https://www.googleapis.com/auth/firebase","https://www.googleapis.com/auth/cloud-platform","https://www.googleapis.com/auth/userinfo.email"]
[debug] [2026-02-12T05:25:56.662Z] > authorizing via signed-in user (cellclinicfamily@gmail.com)
[debug] [2026-02-12T05:25:56.690Z] <<< [apiv2][status] GET https://cloudbilling.googleapis.com/v1/projects/studio-6929130257-b96ff/billingInfo 200
[debug] [2026-02-12T05:25:56.695Z] <<< [apiv2][body] GET https://cloudbilling.googleapis.com/v1/projects/studio-6929130257-b96ff/billingInfo {"name":"projects/studio-6929130257-b96ff/billingInfo","projectId":"studio-6929130257-b96ff","billingAccountName":"billingAccounts/01B98C-EDE987-23B913","billingEnabled":true}
[error] Failed to fetch Firebase Project from Studio Workspace because WORKSPACE_SLUG environment variable is empty
[debug] [2026-02-12T05:25:56.703Z] > command requires scopes: ["email","openid","https://www.googleapis.com/auth/cloudplatformprojects.readonly","https://www.googleapis.com/auth/firebase","https://www.googleapis.com/auth/cloud-platform","https://www.googleapis.com/auth/userinfo.email"]
[debug] [2026-02-12T05:25:56.703Z] > authorizing via signed-in user (cellclinicfamily@gmail.com)
